# JRE version: OpenJDK Runtime Environment Zulu17.46+19-CA (17.0.9+8) (build 17.0.9+8-LTS)
# Java VM: OpenJDK 64-Bit Server VM Zulu17.46+19-CA (17.0.9+8-LTS, mixed mode, sharing, tiered, compressed oops, compressed class ptrs, g1 gc, windows-amd64)
GC Precious Log:
 CPUs: 8 total, 8 available
 Memory: 16259M
 Large Page Support: Disabled
 NUMA Support: Disabled
 Compressed Oops: Enabled (Zero based)
 Heap Region Size: 2M
 Heap Min Capacity: 8M
 Heap Initial Capacity: 256M
 Heap Max Capacity: 4066M
 Pre-touch: Disabled
 Parallel Workers: 8
 Concurrent Workers: 2
 Concurrent Refinement Workers: 8
 Periodic GC: Disabled
Heap:
 garbage-first heap   total 100352K, used 54769K [0x0000000701e00000, 0x0000000800000000)
  region size 2048K, 4 young (8192K), 1 survivors (2048K)
 Metaspace       used 22302K, committed 22656K, reserved 1114112K
  class space    used 3332K, committed 3520K, reserved 1048576K
GC Heap History (18 events):
Event: 2.769 GC heap before
{Heap before GC invocations=0 (full 0):
 garbage-first heap   total 262144K, used 20480K [0x0000000701e00000, 0x0000000800000000)
  region size 2048K, 11 young (22528K), 0 survivors (0K)
 Metaspace       used 13803K, committed 14144K, reserved 1114112K
  class space    used 1959K, committed 2112K, reserved 1048576K
}
Event: 2.777 GC heap after
{Heap after GC invocations=1 (full 0):
 garbage-first heap   total 262144K, used 9564K [0x0000000701e00000, 0x0000000800000000)
  region size 2048K, 2 young (4096K), 2 survivors (4096K)
 Metaspace       used 13803K, committed 14144K, reserved 1114112K
  class space    used 1959K, committed 2112K, reserved 1048576K
}
Event: 15.001 GC heap before
{Heap before GC invocations=1 (full 0):
 garbage-first heap   total 262144K, used 17756K [0x0000000701e00000, 0x0000000800000000)
  region size 2048K, 6 young (12288K), 2 survivors (4096K)
 Metaspace       used 17621K, committed 17856K, reserved 1114112K
  class space    used 2626K, committed 2752K, reserved 1048576K
}
Event: 15.011 GC heap after
{Heap after GC invocations=2 (full 0):
 garbage-first heap   total 262144K, used 12413K [0x0000000701e00000, 0x0000000800000000)
  region size 2048K, 1 young (2048K), 1 survivors (2048K)
 Metaspace       used 17621K, committed 17856K, reserved 1114112K
  class space    used 2626K, committed 2752K, reserved 1048576K
}
Event: 18.417 GC heap before
{Heap before GC invocations=2 (full 0):
 garbage-first heap   total 262144K, used 32893K [0x0000000701e00000, 0x0000000800000000)
  region size 2048K, 12 young (24576K), 1 survivors (2048K)
 Metaspace       used 21190K, committed 21504K, reserved 1114112K
  class space    used 3188K, committed 3392K, reserved 1048576K
}
Event: 18.424 GC heap after
{Heap after GC invocations=3 (full 0):
 garbage-first heap   total 262144K, used 16900K [0x0000000701e00000, 0x0000000800000000)
  region size 2048K, 3 young (6144K), 3 survivors (6144K)
 Metaspace       used 21190K, committed 21504K, reserved 1114112K
  class space    used 3188K, committed 3392K, reserved 1048576K
}
Event: 18.956 GC heap before
{Heap before GC invocations=4 (full 0):
 garbage-first heap   total 75776K, used 49668K [0x0000000701e00000, 0x0000000800000000)
  region size 2048K, 10 young (20480K), 3 survivors (6144K)
 Metaspace       used 21740K, committed 22080K, reserved 1114112K
  class space    used 3273K, committed 3456K, reserved 1048576K
}
Event: 18.964 GC heap after
{Heap after GC invocations=5 (full 0):
 garbage-first heap   total 75776K, used 40069K [0x0000000701e00000, 0x0000000800000000)
  region size 2048K, 5 young (10240K), 5 survivors (10240K)
 Metaspace       used 21740K, committed 22080K, reserved 1114112K
  class space    used 3273K, committed 3456K, reserved 1048576K
}
Event: 18.984 GC heap before
{Heap before GC invocations=5 (full 0):
 garbage-first heap   total 75776K, used 42117K [0x0000000701e00000, 0x0000000800000000)
  region size 2048K, 6 young (12288K), 5 survivors (10240K)
 Metaspace       used 21756K, committed 22080K, reserved 1114112K
  class space    used 3273K, committed 3456K, reserved 1048576K
}
Event: 18.989 GC heap after
{Heap after GC invocations=6 (full 0):
 garbage-first heap   total 75776K, used 41524K [0x0000000701e00000, 0x0000000800000000)
  region size 2048K, 1 young (2048K), 1 survivors (2048K)
 Metaspace       used 21756K, committed 22080K, reserved 1114112K
  class space    used 3273K, committed 3456K, reserved 1048576K
}
Event: 19.052 GC heap before
{Heap before GC invocations=7 (full 0):
 garbage-first heap   total 86016K, used 45620K [0x0000000701e00000, 0x0000000800000000)
  region size 2048K, 2 young (4096K), 1 survivors (2048K)
 Metaspace       used 21783K, committed 22080K, reserved 1114112K
  class space    used 3273K, committed 3456K, reserved 1048576K
}
Event: 19.054 GC heap after
{Heap after GC invocations=8 (full 0):
 garbage-first heap   total 86016K, used 45869K [0x0000000701e00000, 0x0000000800000000)
  region size 2048K, 1 young (2048K), 1 survivors (2048K)
 Metaspace       used 21783K, committed 22080K, reserved 1114112K
  class space    used 3273K, committed 3456K, reserved 1048576K
}
Event: 19.307 GC heap before
{Heap before GC invocations=9 (full 0):
 garbage-first heap   total 86016K, used 56109K [0x0000000701e00000, 0x0000000800000000)
  region size 2048K, 8 young (16384K), 1 survivors (2048K)
 Metaspace       used 21916K, committed 22272K, reserved 1114112K
  class space    used 3278K, committed 3456K, reserved 1048576K
}
Event: 19.310 GC heap after
{Heap after GC invocations=10 (full 0):
 garbage-first heap   total 86016K, used 52978K [0x0000000701e00000, 0x0000000800000000)
  region size 2048K, 1 young (2048K), 1 survivors (2048K)
 Metaspace       used 21916K, committed 22272K, reserved 1114112K
  class space    used 3278K, committed 3456K, reserved 1048576K
}
Event: 19.380 GC heap before
{Heap before GC invocations=10 (full 0):
 garbage-first heap   total 86016K, used 61170K [0x0000000701e00000, 0x0000000800000000)
  region size 2048K, 5 young (10240K), 1 survivors (2048K)
 Metaspace       used 21931K, committed 22272K, reserved 1114112K
  class space    used 3278K, committed 3456K, reserved 1048576K
}
Event: 19.381 GC heap after
{Heap after GC invocations=11 (full 0):
 garbage-first heap   total 86016K, used 52456K [0x0000000701e00000, 0x0000000800000000)
  region size 2048K, 1 young (2048K), 1 survivors (2048K)
 Metaspace       used 21931K, committed 22272K, reserved 1114112K
  class space    used 3278K, committed 3456K, reserved 1048576K
}
Event: 21.200 GC heap before
{Heap before GC invocations=12 (full 0):
 garbage-first heap   total 100352K, used 56552K [0x0000000701e00000, 0x0000000800000000)
  region size 2048K, 5 young (10240K), 1 survivors (2048K)
 Metaspace       used 22015K, committed 22336K, reserved 1114112K
  class space    used 3283K, committed 3456K, reserved 1048576K
}
Event: 21.202 GC heap after
{Heap after GC invocations=13 (full 0):
 garbage-first heap   total 100352K, used 50673K [0x0000000701e00000, 0x0000000800000000)
  region size 2048K, 1 young (2048K), 1 survivors (2048K)
 Metaspace       used 22015K, committed 22336K, reserved 1114112K
  class space    used 3283K, committed 3456K, reserved 1048576K
}

